2025-02-21 09:30:40 [restartedMain] INFO  com.eureka.Product_service.ProductServiceApplication - Starting ProductServiceApplication using Java 17.0.12 with PID 7860 (C:\Users\kasiram.palpandi\git\repository\Product-service\target\classes started by kasiram.palpandi in C:\Users\kasiram.palpandi\git\repository\Product-service)
2025-02-21 09:30:40 [restartedMain] INFO  com.eureka.Product_service.ProductServiceApplication - No active profile set, falling back to 1 default profile: "default"
2025-02-21 09:30:40 [restartedMain] INFO  org.springframework.boot.devtools.env.DevToolsPropertyDefaultsPostProcessor - Devtools property defaults active! Set 'spring.devtools.add-properties' to 'false' to disable
2025-02-21 09:30:40 [restartedMain] INFO  org.springframework.boot.devtools.env.DevToolsPropertyDefaultsPostProcessor - For additional web related logging consider setting the 'logging.level.web' property to 'DEBUG'
2025-02-21 09:30:45 [restartedMain] INFO  org.springframework.data.repository.config.RepositoryConfigurationDelegate - Bootstrapping Spring Data JPA repositories in DEFAULT mode.
2025-02-21 09:30:46 [restartedMain] INFO  org.springframework.data.repository.config.RepositoryConfigurationDelegate - Finished Spring Data repository scanning in 265 ms. Found 1 JPA repository interface.
2025-02-21 09:30:46 [restartedMain] INFO  org.springframework.cloud.context.scope.GenericScope - BeanFactory id=9091ad05-cee0-3d83-93e3-2cb6883b5bc0
2025-02-21 09:30:49 [restartedMain] INFO  org.springframework.boot.web.embedded.tomcat.TomcatWebServer - Tomcat initialized with port 8080 (http)
2025-02-21 09:30:49 [restartedMain] INFO  org.apache.coyote.http11.Http11NioProtocol - Initializing ProtocolHandler ["http-nio-8080"]
2025-02-21 09:30:49 [restartedMain] INFO  org.apache.catalina.core.StandardService - Starting service [Tomcat]
2025-02-21 09:30:49 [restartedMain] INFO  org.apache.catalina.core.StandardEngine - Starting Servlet engine: [Apache Tomcat/10.1.34]
2025-02-21 09:30:50 [restartedMain] INFO  org.apache.catalina.core.ContainerBase.[Tomcat].[localhost].[/] - Initializing Spring embedded WebApplicationContext
2025-02-21 09:30:50 [restartedMain] INFO  org.springframework.boot.web.servlet.context.ServletWebServerApplicationContext - Root WebApplicationContext: initialization completed in 9486 ms
2025-02-21 09:30:52 [restartedMain] INFO  org.hibernate.jpa.internal.util.LogHelper - HHH000204: Processing PersistenceUnitInfo [name: default]
2025-02-21 09:30:52 [restartedMain] INFO  org.hibernate.Version - HHH000412: Hibernate ORM core version 6.6.5.Final
2025-02-21 09:30:52 [restartedMain] INFO  org.hibernate.cache.internal.RegionFactoryInitiator - HHH000026: Second-level cache disabled
2025-02-21 09:30:52 [restartedMain] INFO  org.springframework.orm.jpa.persistenceunit.SpringPersistenceUnitInfo - No LoadTimeWeaver setup: ignoring JPA class transformer
2025-02-21 09:30:52 [restartedMain] INFO  com.zaxxer.hikari.HikariDataSource - HikariPool-1 - Starting...
2025-02-21 09:30:53 [restartedMain] INFO  com.zaxxer.hikari.pool.HikariPool - HikariPool-1 - Added connection com.mysql.cj.jdbc.ConnectionImpl@b332f8e
2025-02-21 09:30:53 [restartedMain] INFO  com.zaxxer.hikari.HikariDataSource - HikariPool-1 - Start completed.
2025-02-21 09:30:53 [restartedMain] WARN  org.hibernate.orm.deprecation - HHH90000025: MySQL8Dialect does not need to be specified explicitly using 'hibernate.dialect' (remove the property setting and it will be selected by default)
2025-02-21 09:30:53 [restartedMain] WARN  org.hibernate.orm.deprecation - HHH90000026: MySQL8Dialect has been deprecated; use org.hibernate.dialect.MySQLDialect instead
2025-02-21 09:30:53 [restartedMain] INFO  org.hibernate.orm.connections.pooling - HHH10001005: Database info:
	Database JDBC URL [Connecting through datasource 'HikariDataSource (HikariPool-1)']
	Database driver: undefined/unknown
	Database version: 8.0
	Autocommit mode: undefined/unknown
	Isolation level: undefined/unknown
	Minimum pool size: undefined/unknown
	Maximum pool size: undefined/unknown
2025-02-21 09:30:54 [restartedMain] INFO  org.hibernate.engine.transaction.jta.platform.internal.JtaPlatformInitiator - HHH000489: No JTA platform available (set 'hibernate.transaction.jta.platform' to enable JTA platform integration)
2025-02-21 09:30:55 [restartedMain] INFO  org.springframework.orm.jpa.LocalContainerEntityManagerFactoryBean - Initialized JPA EntityManagerFactory for persistence unit 'default'
2025-02-21 09:30:56 [restartedMain] WARN  org.springframework.boot.autoconfigure.orm.jpa.JpaBaseConfiguration$JpaWebConfiguration - spring.jpa.open-in-view is enabled by default. Therefore, database queries may be performed during view rendering. Explicitly configure spring.jpa.open-in-view to disable this warning
2025-02-21 09:30:58 [restartedMain] WARN  org.springframework.boot.devtools.autoconfigure.OptionalLiveReloadServer - Unable to start LiveReload server
2025-02-21 09:30:58 [restartedMain] INFO  org.springframework.cloud.netflix.eureka.config.DiscoveryClientOptionalArgsConfiguration - Eureka HTTP Client uses RestTemplate.
2025-02-21 09:30:58 [restartedMain] WARN  org.springframework.cloud.loadbalancer.config.LoadBalancerCacheAutoConfiguration$LoadBalancerCaffeineWarnLogger - Spring Cloud LoadBalancer is currently working with the default cache. While this cache implementation is useful for development and tests, it's recommended to use Caffeine cache in production.You can switch to using Caffeine cache, by adding it and org.springframework.cache.caffeine.CaffeineCacheManager to the classpath.
2025-02-21 09:30:58 [restartedMain] INFO  org.springframework.boot.actuate.endpoint.web.EndpointLinksResolver - Exposing 3 endpoints beneath base path '/management-dashboard'
2025-02-21 09:30:58 [restartedMain] INFO  org.springframework.cloud.netflix.eureka.InstanceInfoFactory - Setting initial instance status as: STARTING
2025-02-21 09:30:58 [restartedMain] INFO  com.netflix.discovery.DiscoveryClient - Initializing Eureka in region us-east-1
2025-02-21 09:30:58 [restartedMain] INFO  com.netflix.discovery.shared.resolver.aws.ConfigClusterResolver - Resolving eureka endpoints via configuration
2025-02-21 09:30:58 [restartedMain] INFO  com.netflix.discovery.DiscoveryClient - Disable delta property : false
2025-02-21 09:30:58 [restartedMain] INFO  com.netflix.discovery.DiscoveryClient - Single vip registry refresh property : null
2025-02-21 09:30:58 [restartedMain] INFO  com.netflix.discovery.DiscoveryClient - Force full registry fetch : false
2025-02-21 09:30:58 [restartedMain] INFO  com.netflix.discovery.DiscoveryClient - Application is null : false
2025-02-21 09:30:58 [restartedMain] INFO  com.netflix.discovery.DiscoveryClient - Registered Applications size is zero : true
2025-02-21 09:30:58 [restartedMain] INFO  com.netflix.discovery.DiscoveryClient - Application version is -1: true
2025-02-21 09:30:58 [restartedMain] INFO  com.netflix.discovery.DiscoveryClient - Getting all instance registry info from the eureka server
2025-02-21 09:30:59 [restartedMain] INFO  com.netflix.discovery.DiscoveryClient - The response status is 200
2025-02-21 09:30:59 [restartedMain] INFO  com.netflix.discovery.DiscoveryClient - Starting heartbeat executor: renew interval is: 30
2025-02-21 09:30:59 [restartedMain] INFO  com.netflix.discovery.InstanceInfoReplicator - InstanceInfoReplicator onDemand update allowed rate per min is 4
2025-02-21 09:30:59 [restartedMain] INFO  com.netflix.discovery.DiscoveryClient - Discovery Client initialized at timestamp 1740110459253 with initial instances count: 0
2025-02-21 09:30:59 [restartedMain] INFO  org.springframework.cloud.netflix.eureka.serviceregistry.EurekaServiceRegistry - Registering application PRODUCT-SERVICE with eureka with status UP
2025-02-21 09:30:59 [restartedMain] INFO  com.netflix.discovery.DiscoveryClient - Saw local status change event StatusChangeEvent [timestamp=1740110459263, current=UP, previous=STARTING]
2025-02-21 09:30:59 [DiscoveryClient-InstanceInfoReplicator-%d] INFO  com.netflix.discovery.DiscoveryClient - DiscoveryClient_PRODUCT-SERVICE/Asplap1017.Aspiresys.com:Product-service: registering service...
2025-02-21 09:30:59 [restartedMain] INFO  org.apache.coyote.http11.Http11NioProtocol - Starting ProtocolHandler ["http-nio-8080"]
2025-02-21 09:30:59 [restartedMain] INFO  org.springframework.boot.web.embedded.tomcat.TomcatWebServer - Tomcat started on port 8080 (http) with context path '/'
2025-02-21 09:30:59 [restartedMain] INFO  org.springframework.cloud.netflix.eureka.serviceregistry.EurekaAutoServiceRegistration - Updating port to 8080
2025-02-21 09:30:59 [DiscoveryClient-InstanceInfoReplicator-%d] INFO  com.netflix.discovery.DiscoveryClient - DiscoveryClient_PRODUCT-SERVICE/Asplap1017.Aspiresys.com:Product-service - registration status: 204
2025-02-21 09:30:59 [restartedMain] INFO  com.eureka.Product_service.ProductServiceApplication - Started ProductServiceApplication in 22.829 seconds (process running for 27.65)
2025-02-21 09:31:26 [http-nio-8080-exec-1] INFO  org.apache.catalina.core.ContainerBase.[Tomcat].[localhost].[/] - Initializing Spring DispatcherServlet 'dispatcherServlet'
2025-02-21 09:31:26 [http-nio-8080-exec-1] INFO  org.springframework.web.servlet.DispatcherServlet - Initializing Servlet 'dispatcherServlet'
2025-02-21 09:31:26 [http-nio-8080-exec-1] INFO  org.springframework.web.servlet.DispatcherServlet - Completed initialization in 3 ms
2025-02-21 09:31:29 [DiscoveryClient-CacheRefreshExecutor-%d] INFO  com.netflix.discovery.DiscoveryClient - Disable delta property : false
2025-02-21 09:31:29 [DiscoveryClient-CacheRefreshExecutor-%d] INFO  com.netflix.discovery.DiscoveryClient - Single vip registry refresh property : null
2025-02-21 09:31:29 [DiscoveryClient-CacheRefreshExecutor-%d] INFO  com.netflix.discovery.DiscoveryClient - Force full registry fetch : false
2025-02-21 09:31:29 [DiscoveryClient-CacheRefreshExecutor-%d] INFO  com.netflix.discovery.DiscoveryClient - Application is null : false
2025-02-21 09:31:29 [DiscoveryClient-CacheRefreshExecutor-%d] INFO  com.netflix.discovery.DiscoveryClient - Registered Applications size is zero : true
2025-02-21 09:31:29 [DiscoveryClient-CacheRefreshExecutor-%d] INFO  com.netflix.discovery.DiscoveryClient - Application version is -1: false
2025-02-21 09:31:29 [DiscoveryClient-CacheRefreshExecutor-%d] INFO  com.netflix.discovery.DiscoveryClient - Getting all instance registry info from the eureka server
2025-02-21 09:31:29 [DiscoveryClient-CacheRefreshExecutor-%d] INFO  com.netflix.discovery.DiscoveryClient - The response status is 200
2025-02-21 09:35:58 [AsyncResolver-bootstrap-executor-%d] INFO  com.netflix.discovery.shared.resolver.aws.ConfigClusterResolver - Resolving eureka endpoints via configuration
2025-02-21 09:40:58 [AsyncResolver-bootstrap-executor-%d] INFO  com.netflix.discovery.shared.resolver.aws.ConfigClusterResolver - Resolving eureka endpoints via configuration
